<?xml version="1.0" encoding="UTF-8"?>
<!-- Generated by org.testng.reporters.JUnitReportReporter -->
<testsuite skipped="0" hostname="DESKTOP-V46TSI5" name="testYT.TestYoutube" tests="3" failures="0" timestamp="2021-02-06T18:53:41 CET" time="31.324" errors="0">
  <testcase name="testSearch" time="6.777" classname="testYT.TestYoutube"/>
  <system-out/>
  <testcase name="testPlay" time="7.008" classname="testYT.TestYoutube"/>
  <system-out/>
  <testcase name="testPlayNext" time="17.539" classname="testYT.TestYoutube"/>
  <system-out/>
</testsuite> <!-- testYT.TestYoutube -->
